0 info it worked if it ends with ok
1 verbose cli [ 'C:\\Program Files\\nodejs\\node.exe',
1 verbose cli   'C:\\Program Files\\nodejs\\node_modules\\npm\\bin\\npm-cli.js',
1 verbose cli   'start' ]
2 info using npm@3.10.10
3 info using node@v6.11.3
4 verbose run-script [ 'prestart', 'start', 'poststart' ]
5 info lifecycle eq-api@0.0.1~prestart: eq-api@0.0.1
6 silly lifecycle eq-api@0.0.1~prestart: no script for prestart, continuing
7 info lifecycle eq-api@0.0.1~start: eq-api@0.0.1
8 verbose lifecycle eq-api@0.0.1~start: unsafe-perm in lifecycle true
9 verbose lifecycle eq-api@0.0.1~start: PATH: C:\Users\Wynand\AppData\Roaming\nvm\v6.11.3\node_modules\npm\bin\node-gyp-bin;C:\Users\Wynand\Downloads\emergea-mpc-customer-3a6a5ab4f8ea\emergea-mpc-customer-3a6a5ab4f8ea\node_modules\.bin;C:\ProgramData\Oracle\Java\javapath;C:\WINDOWS\system32;C:\WINDOWS;C:\WINDOWS\System32\Wbem;C:\WINDOWS\System32\WindowsPowerShell\v1.0\;C:\Program Files (x86)\Skype\Phone\;c:\Program Files (x86)\Microsoft SQL Server\110\Tools\Binn\;c:\Program Files\Microsoft SQL Server\110\Tools\Binn\;c:\Program Files\Microsoft SQL Server\110\DTS\Binn\;C:\Users\Wynand\AppData\Roaming\nvm;C:\Program Files\nodejs;C:\WINDOWS\System32\OpenSSH\;C:\Program Files\Microsoft SQL Server\Client SDK\ODBC\130\Tools\Binn\;C:\Program Files (x86)\Microsoft SQL Server\140\Tools\Binn\;C:\Program Files\Microsoft SQL Server\140\Tools\Binn\;C:\Program Files\Microsoft SQL Server\140\DTS\Binn\;C:\Users\Wynand\AppData\Local\Microsoft\WindowsApps;C:\Program Files (x86)\Microsoft VS Code\bin;C:\Users\Wynand\AppData\Local\GitHubDesktop\bin;C:\Users\Wynand\AppData\Roaming\npm;C:\Users\Wynand\AppData\Local\Microsoft\WindowsApps
10 verbose lifecycle eq-api@0.0.1~start: CWD: C:\Users\Wynand\Downloads\emergea-mpc-customer-3a6a5ab4f8ea\emergea-mpc-customer-3a6a5ab4f8ea
11 silly lifecycle eq-api@0.0.1~start: Args: [ '/d /s /c', 'node ./bin/www' ]
12 verbose stack Error: kill ENOSYS
12 verbose stack     at exports._errnoException (util.js:1020:11)
12 verbose stack     at process.kill (internal/process.js:190:13)
12 verbose stack     at process.listener (C:\Users\Wynand\AppData\Roaming\nvm\v6.11.3\node_modules\npm\node_modules\npmlog\node_modules\gauge\node_modules\signal-exit\index.js:86:15)
12 verbose stack     at emitNone (events.js:91:20)
12 verbose stack     at process.emit (events.js:185:7)
12 verbose stack     at processEmit (C:\Users\Wynand\AppData\Roaming\nvm\v6.11.3\node_modules\npm\node_modules\npmlog\node_modules\gauge\node_modules\signal-exit\index.js:146:32)
12 verbose stack     at processEmit (C:\Users\Wynand\AppData\Roaming\nvm\v6.11.3\node_modules\npm\node_modules\npm-registry-client\node_modules\npmlog\node_modules\gauge\node_modules\signal-exit\index.js:146:32)
12 verbose stack     at Signal.wrap.onsignal (internal/process.js:217:44)
13 verbose cwd C:\Users\Wynand\Downloads\emergea-mpc-customer-3a6a5ab4f8ea\emergea-mpc-customer-3a6a5ab4f8ea
14 error Windows_NT 10.0.17134
15 error argv "C:\\Program Files\\nodejs\\node.exe" "C:\\Program Files\\nodejs\\node_modules\\npm\\bin\\npm-cli.js" "start"
16 error node v6.11.3
17 error npm  v3.10.10
18 error code ENOSYS
19 error errno ENOSYS
20 error syscall kill
21 error kill ENOSYS
22 error If you need help, you may report this error at:
22 error     <https://github.com/npm/npm/issues>
23 verbose exit [ 1, true ]
